{
  "RSpec": {
    "coverage": {
      "/media/sf_H_DRIVE/makers/Jobs/Bink_techTest/spec/controllers/main_controller_spec.rb": [
        1,
        null,
        1,
        1,
        3,
        1,
        1,
        null,
        1,
        1,
        null,
        null,
        null
      ],
      "/media/sf_H_DRIVE/makers/Jobs/Bink_techTest/app/controllers/main_controller.rb": [
        1,
        1,
        1,
        26,
        26,
        null,
        null,
        1,
        13,
        13,
        13,
        null,
        null
      ],
      "/media/sf_H_DRIVE/makers/Jobs/Bink_techTest/app/controllers/application_controller.rb": [
        1,
        1,
        null
      ],
      "/media/sf_H_DRIVE/makers/Jobs/Bink_techTest/spec/feature/index_spec.rb": [
        1,
        1,
        null,
        12,
        12,
        12,
        12,
        12,
        12,
        12,
        12,
        12,
        12,
        12,
        12,
        null,
        1,
        11,
        null,
        null,
        1,
        1,
        1,
        1,
        1,
        1,
        1,
        1,
        1,
        1,
        null,
        null,
        1,
        1,
        1,
        1,
        1,
        1,
        null,
        null,
        1,
        1,
        1,
        1,
        1,
        1,
        1,
        1,
        null,
        null,
        1,
        1,
        1,
        1,
        null,
        null,
        1,
        1,
        1,
        1,
        null,
        null,
        1,
        1,
        1,
        1,
        null,
        null,
        1,
        1,
        1,
        1,
        null,
        null,
        1,
        1,
        1,
        1,
        null,
        null,
        1,
        1,
        1,
        1,
        null,
        null,
        1,
        1,
        1,
        1,
        null,
        null,
        1,
        1,
        1,
        1,
        null,
        null,
        null,
        null
      ],
      "/media/sf_H_DRIVE/makers/Jobs/Bink_techTest/spec/models/google_api_spec.rb": [
        1,
        null,
        1,
        3,
        3,
        3,
        3,
        3,
        null,
        1,
        2,
        null,
        null,
        3,
        null,
        1,
        2,
        2,
        2,
        2,
        null,
        null,
        3,
        3,
        null,
        1,
        1,
        1,
        1,
        null,
        1,
        1,
        null,
        1,
        1,
        1,
        1,
        1,
        null,
        null,
        null
      ],
      "/media/sf_H_DRIVE/makers/Jobs/Bink_techTest/app/models/google_api.rb": [
        1,
        null,
        null,
        1,
        1,
        1,
        1,
        null,
        1,
        2,
        2,
        2,
        2,
        2,
        null,
        null,
        1,
        null,
        1,
        2,
        2,
        0,
        0,
        null,
        null,
        1,
        2,
        2,
        2,
        2,
        null,
        null,
        1,
        2,
        2,
        2,
        2,
        null,
        null,
        1,
        2,
        10,
        null,
        null,
        null,
        1,
        null
      ],
      "/media/sf_H_DRIVE/makers/Jobs/Bink_techTest/app/models/response.rb": [
        null,
        1
      ],
      "/media/sf_H_DRIVE/makers/Jobs/Bink_techTest/spec/models/searches_spec.rb": [
        1,
        null,
        1,
        8,
        null,
        8,
        8,
        3,
        3,
        null,
        6,
        6,
        null,
        8,
        null,
        1,
        1,
        1,
        null,
        null,
        null,
        1,
        null,
        1,
        2,
        null,
        1,
        1,
        null,
        1,
        1,
        null,
        null,
        null,
        1,
        1,
        1,
        null,
        1,
        1,
        1,
        null,
        1,
        null,
        1,
        1,
        null,
        null,
        null,
        1,
        1,
        1,
        1,
        1,
        null,
        1,
        1,
        1,
        1,
        1,
        1,
        null,
        null,
        null
      ],
      "/media/sf_H_DRIVE/makers/Jobs/Bink_techTest/app/models/searches.rb": [
        null,
        1,
        1,
        null,
        1,
        8,
        8,
        null,
        null,
        1,
        21,
        null,
        null,
        1,
        39,
        null,
        null,
        1,
        49,
        46,
        null,
        null,
        1,
        48,
        43,
        null,
        null,
        1,
        1,
        null
      ]
    },
    "timestamp": 1498031402
  }
}
