{
  "RSpec": {
    "coverage": {
      "/media/sf_H_DRIVE/makers/Jobs/Bink_techTest/spec/controllers/main_controller_spec.rb": [
        1,
        null,
        1,
        1,
        3,
        1,
        1,
        null,
        1,
        1,
        null,
        null,
        null
      ],
      "/media/sf_H_DRIVE/makers/Jobs/Bink_techTest/app/controllers/main_controller.rb": [
        1,
        1,
        1,
        2,
        2,
        null,
        null,
        1,
        0,
        0,
        0,
        null,
        null
      ],
      "/media/sf_H_DRIVE/makers/Jobs/Bink_techTest/app/controllers/application_controller.rb": [
        1,
        1,
        null
      ],
      "/media/sf_H_DRIVE/makers/Jobs/Bink_techTest/spec/models/google_api_spec.rb": [
        1,
        null,
        1,
        3,
        3,
        3,
        3,
        3,
        null,
        1,
        2,
        null,
        null,
        3,
        null,
        1,
        2,
        2,
        2,
        2,
        null,
        null,
        3,
        3,
        null,
        1,
        1,
        1,
        1,
        null,
        1,
        1,
        null,
        1,
        1,
        null,
        1,
        null,
        null,
        null
      ],
      "/media/sf_H_DRIVE/makers/Jobs/Bink_techTest/app/models/google_api.rb": [
        1,
        null,
        null,
        1,
        1,
        1,
        1,
        1,
        2,
        2,
        2,
        2,
        2,
        null,
        null,
        1,
        1,
        2,
        10,
        null,
        null,
        null,
        1,
        null
      ],
      "/media/sf_H_DRIVE/makers/Jobs/Bink_techTest/app/models/response.rb": [
        null,
        1,
        1,
        null,
        1,
        3,
        3,
        3,
        3,
        3,
        null,
        null,
        1,
        1,
        null,
        null,
        1,
        1,
        null,
        null,
        1,
        1,
        null
      ],
      "/media/sf_H_DRIVE/makers/Jobs/Bink_techTest/spec/models/response_spec.rb": [
        1,
        null,
        1,
        null,
        4,
        4,
        4,
        4,
        null,
        1,
        3,
        null,
        null,
        4,
        null,
        1,
        1,
        1,
        1,
        1,
        1,
        null,
        null,
        null,
        1,
        1,
        1,
        null,
        null,
        null,
        1,
        1,
        1,
        null,
        null,
        null
      ],
      "/media/sf_H_DRIVE/makers/Jobs/Bink_techTest/spec/models/searches_spec.rb": [
        1,
        null,
        1,
        8,
        null,
        8,
        8,
        3,
        3,
        null,
        6,
        6,
        null,
        8,
        null,
        1,
        1,
        1,
        null,
        null,
        null,
        1,
        null,
        1,
        2,
        null,
        1,
        1,
        null,
        1,
        1,
        null,
        null,
        null,
        1,
        1,
        1,
        null,
        1,
        1,
        1,
        null,
        1,
        null,
        1,
        1,
        null,
        null,
        null,
        1,
        1,
        1,
        1,
        1,
        null,
        1,
        1,
        1,
        1,
        1,
        1,
        null,
        null,
        null
      ],
      "/media/sf_H_DRIVE/makers/Jobs/Bink_techTest/app/models/searches.rb": [
        null,
        1,
        1,
        null,
        1,
        8,
        8,
        null,
        null,
        1,
        8,
        null,
        null,
        1,
        2,
        null,
        null,
        1,
        3,
        2,
        null,
        null,
        1,
        3,
        1,
        null,
        null,
        1,
        1,
        null
      ]
    },
    "timestamp": 1497989185
  }
}
